{"level":"\u001b[32minfo\u001b[39m","message":"{\"method\":\"POST\",\"url\":\"/api/sign-up\",\"status\":\"500\",\"responseTime\":\"120.977\"}","timestamp":"2025-02-01T09:02:44.290Z"}
{"level":"\u001b[32minfo\u001b[39m","message":"{\"method\":\"POST\",\"url\":\"/api/sign-up\",\"status\":\"500\",\"responseTime\":\"389.425\"}","timestamp":"2025-02-01T09:03:38.967Z"}
{"level":"\u001b[32minfo\u001b[39m","message":"{\"method\":\"POST\",\"url\":\"/api/sign-up\",\"status\":\"201\",\"responseTime\":\"314.405\"}","timestamp":"2025-02-01T09:05:52.587Z"}
{"level":"\u001b[32minfo\u001b[39m","message":"{\"method\":\"POST\",\"url\":\"/api/sign-up\",\"status\":\"400\",\"responseTime\":\"47.779\"}","timestamp":"2025-02-01T09:06:02.552Z"}
{"level":"\u001b[32minfo\u001b[39m","message":"{\"method\":\"POST\",\"url\":\"/api/sign-up\",\"status\":\"201\",\"responseTime\":\"461.590\"}","timestamp":"2025-02-01T09:06:35.262Z"}
{"level":"\u001b[32minfo\u001b[39m","message":"{\"method\":\"POST\",\"url\":\"/api/sign-up\",\"status\":\"400\",\"responseTime\":\"104.878\"}","timestamp":"2025-02-01T09:07:14.020Z"}
{"level":"\u001b[32minfo\u001b[39m","message":"{\"method\":\"POST\",\"url\":\"/api/sign-up\",\"status\":\"400\",\"responseTime\":\"93.592\"}","timestamp":"2025-02-01T09:19:10.936Z"}
{"level":"\u001b[32minfo\u001b[39m","message":"{\"method\":\"POST\",\"url\":\"/api/sign-up\",\"status\":\"400\",\"responseTime\":\"40.828\"}","timestamp":"2025-02-01T09:19:16.634Z"}
{"level":"\u001b[32minfo\u001b[39m","message":"{\"method\":\"POST\",\"url\":\"/api/sign-up\",\"status\":\"400\",\"responseTime\":\"39.743\"}","timestamp":"2025-02-01T09:19:26.579Z"}
{"level":"\u001b[32minfo\u001b[39m","message":"{\"method\":\"POST\",\"url\":\"/api/sign-up\",\"status\":\"201\",\"responseTime\":\"177.610\"}","timestamp":"2025-02-01T09:20:05.092Z"}
{"level":"\u001b[32minfo\u001b[39m","message":"{\"method\":\"POST\",\"url\":\"/api/sign-up\",\"status\":\"201\",\"responseTime\":\"205.760\"}","timestamp":"2025-02-01T09:21:19.646Z"}
{"level":"\u001b[32minfo\u001b[39m","message":"{\"method\":\"GET\",\"url\":\"/api/log-in\",\"status\":\"200\",\"responseTime\":\"64.013\"}","timestamp":"2025-02-01T09:23:12.463Z"}
{"level":"\u001b[32minfo\u001b[39m","message":"{\"method\":\"GET\",\"url\":\"/api/log-in\",\"status\":\"400\",\"responseTime\":\"62.932\"}","timestamp":"2025-02-01T09:23:18.255Z"}
{"level":"\u001b[32minfo\u001b[39m","message":"{\"method\":\"GET\",\"url\":\"/api/log-in\",\"status\":\"200\",\"responseTime\":\"37.304\"}","timestamp":"2025-02-01T09:23:25.331Z"}
{"level":"\u001b[32minfo\u001b[39m","message":"{\"method\":\"GET\",\"url\":\"/api/log-in\",\"status\":\"200\",\"responseTime\":\"40.726\"}","timestamp":"2025-02-01T09:23:32.651Z"}
{"level":"\u001b[32minfo\u001b[39m","message":"{\"method\":\"GET\",\"url\":\"/api/log-in\",\"status\":\"400\",\"responseTime\":\"366.295\"}","timestamp":"2025-02-01T09:23:54.823Z"}
{"level":"\u001b[32minfo\u001b[39m","message":"{\"method\":\"GET\",\"url\":\"/api/log-in\",\"status\":\"400\",\"responseTime\":\"82.121\"}","timestamp":"2025-02-01T09:24:46.113Z"}
{"level":"\u001b[32minfo\u001b[39m","message":"{\"method\":\"GET\",\"url\":\"/api/log-in\",\"status\":\"200\",\"responseTime\":\"65.685\"}","timestamp":"2025-02-01T09:24:50.897Z"}
{"level":"\u001b[32minfo\u001b[39m","message":"{\"method\":\"GET\",\"url\":\"/api/log-in\",\"status\":\"200\",\"responseTime\":\"92.618\"}","timestamp":"2025-02-01T09:24:55.125Z"}
{"level":"\u001b[32minfo\u001b[39m","message":"{\"method\":\"GET\",\"url\":\"/api/log-in\",\"status\":\"400\",\"responseTime\":\"176.576\"}","timestamp":"2025-02-01T09:29:23.515Z"}
{"level":"\u001b[32minfo\u001b[39m","message":"{\"method\":\"GET\",\"url\":\"/api/log-in\",\"status\":\"400\",\"responseTime\":\"98.749\"}","timestamp":"2025-02-01T09:29:28.769Z"}
{"level":"\u001b[32minfo\u001b[39m","message":"{\"method\":\"GET\",\"url\":\"/api/log-in\",\"status\":\"200\",\"responseTime\":\"114.130\"}","timestamp":"2025-02-01T09:29:34.012Z"}
{"level":"\u001b[32minfo\u001b[39m","message":"{\"method\":\"GET\",\"url\":\"/api/location?query=newyork\",\"status\":\"-\",\"responseTime\":\"-\"}","timestamp":"2025-02-16T06:13:59.483Z"}
{"level":"\u001b[32minfo\u001b[39m","message":"{\"method\":\"GET\",\"url\":\"/api/location?query=newyork\",\"status\":\"-\",\"responseTime\":\"-\"}","timestamp":"2025-02-16T06:15:54.327Z"}
{"level":"\u001b[32minfo\u001b[39m","message":"{\"method\":\"GET\",\"url\":\"/api/location?query=delhi\",\"status\":\"-\",\"responseTime\":\"-\"}","timestamp":"2025-02-16T06:18:14.311Z"}
{"level":"\u001b[32minfo\u001b[39m","message":"{\"method\":\"GET\",\"url\":\"/api/location?query=newyork\",\"status\":\"-\",\"responseTime\":\"-\"}","timestamp":"2025-02-16T06:21:25.619Z"}
{"level":"\u001b[32minfo\u001b[39m","message":"{\"method\":\"GET\",\"url\":\"/api/location?query=newyork\",\"status\":\"-\",\"responseTime\":\"-\"}","timestamp":"2025-02-16T06:23:32.189Z"}
{"level":"\u001b[32minfo\u001b[39m","message":"{\"method\":\"GET\",\"url\":\"/api/location?query=new%20york\",\"status\":\"-\",\"responseTime\":\"-\"}","timestamp":"2025-02-16T06:24:07.760Z"}
{"level":"\u001b[32minfo\u001b[39m","message":"{\"method\":\"GET\",\"url\":\"/api/location?query=newyork&pickUpDate=17-02-2025&dropOffDate=17-02-2025&pickUpTime=10:00%20AM&dropOffTime=10:00%20PM\",\"status\":\"200\",\"responseTime\":\"5840.872\"}","timestamp":"2025-02-16T07:04:18.092Z"}
{"level":"\u001b[32minfo\u001b[39m","message":"{\"method\":\"GET\",\"url\":\"/api/location?query=newyork&pickUpDate=2025-02-17&dropOffDate=2025-02-17&pickUpTime=10:00%20AM&dropOffTime=10:00%20PM\",\"status\":\"200\",\"responseTime\":\"3628.266\"}","timestamp":"2025-02-16T07:05:06.823Z"}
{"level":"\u001b[32minfo\u001b[39m","message":"{\"method\":\"GET\",\"url\":\"/api/location?query=newyork&pickUpDate=2025-02-17&dropOffDate=2025-02-17&pickUpTime=10:00%20AM&dropOffTime=10:00%20PM\",\"status\":\"200\",\"responseTime\":\"2237.157\"}","timestamp":"2025-02-16T07:07:07.183Z"}
{"level":"\u001b[32minfo\u001b[39m","message":"{\"method\":\"GET\",\"url\":\"/api/location?query=newyork&pickUpDate=2025-02-17&dropOffDate=2025-02-17&pickUpTime=10:00%20&dropOffTime=10:00%20\",\"status\":\"200\",\"responseTime\":\"1985.484\"}","timestamp":"2025-02-16T07:07:25.381Z"}
{"level":"\u001b[32minfo\u001b[39m","message":"{\"method\":\"GET\",\"url\":\"/api/location?query=newyork&pickUpDate=2025-02-17&dropOffDate=2025-02-17&pickUpTime=10:00%20&dropOffTime=10:00%20\",\"status\":\"200\",\"responseTime\":\"1986.473\"}","timestamp":"2025-02-16T07:08:47.934Z"}
{"level":"\u001b[32minfo\u001b[39m","message":"{\"method\":\"GET\",\"url\":\"/api/location?query=newyork&pickUpDate=2025-02-17&dropOffDate=2025-02-17&pickUpTime=10:00%20&dropOffTime=10:00%20\",\"status\":\"200\",\"responseTime\":\"1958.802\"}","timestamp":"2025-02-16T07:12:33.634Z"}
{"level":"\u001b[32minfo\u001b[39m","message":"{\"method\":\"GET\",\"url\":\"/api/location?query=newyork&pickUpDate=2025-02-17&dropOffDate=2025-02-17&pickUpTime=10:00%20&dropOffTime=10:00%20\",\"status\":\"500\",\"responseTime\":\"1065.126\"}","timestamp":"2025-02-16T07:16:04.955Z"}
{"level":"\u001b[32minfo\u001b[39m","message":"{\"method\":\"GET\",\"url\":\"/api/location?query=newyork&pickUpDate=2025-02-17&dropOffDate=2025-02-17&pickUpTime=10:00%20&dropOffTime=10:00%20\",\"status\":\"500\",\"responseTime\":\"1097.098\"}","timestamp":"2025-02-16T07:16:12.304Z"}
{"level":"\u001b[32minfo\u001b[39m","message":"{\"method\":\"GET\",\"url\":\"/api/location?query=newyork&pickUpDate=2025-02-17&dropOffDate=2025-02-17&pickUpTime=10:00%20&dropOffTime=10:00%20\",\"status\":\"500\",\"responseTime\":\"1061.937\"}","timestamp":"2025-02-16T07:17:34.930Z"}
{"level":"\u001b[32minfo\u001b[39m","message":"{\"method\":\"GET\",\"url\":\"/api/location?query=newyork&pickUpDate=2025-02-17&dropOffDate=2025-02-17&pickUpTime=10:00%20&dropOffTime=10:00%20\",\"status\":\"500\",\"responseTime\":\"1100.671\"}","timestamp":"2025-02-16T07:18:59.613Z"}
{"level":"\u001b[32minfo\u001b[39m","message":"{\"method\":\"GET\",\"url\":\"/api/location?query=newyork&pickUpDate=2025-02-17&dropOffDate=2025-02-17&pickUpTime=10:00%20&dropOffTime=10:00%20\",\"status\":\"200\",\"responseTime\":\"4093.169\"}","timestamp":"2025-02-16T07:19:30.749Z"}
{"level":"\u001b[32minfo\u001b[39m","message":"{\"method\":\"GET\",\"url\":\"/api/location?query=newyork&pickUpDate=2025-02-17&dropOffDate=2025-02-17&pickUpTime=10:00%20&dropOffTime=10:00%20\",\"status\":\"500\",\"responseTime\":\"2096.731\"}","timestamp":"2025-02-16T07:22:05.301Z"}
{"level":"\u001b[32minfo\u001b[39m","message":"{\"method\":\"GET\",\"url\":\"/api/location?query=newyork&pickUpDate=2025-02-17&dropOffDate=2025-02-17&pickUpTime=10:00%20&dropOffTime=10:00%20\",\"status\":\"200\",\"responseTime\":\"2060.317\"}","timestamp":"2025-02-16T07:23:11.226Z"}
{"level":"\u001b[32minfo\u001b[39m","message":"{\"method\":\"GET\",\"url\":\"/api/location?query=newyork&pickUpDate=2025-02-17&dropOffDate=2025-02-17&pickUpTime=10:00%20&dropOffTime=10:00%20\",\"status\":\"200\",\"responseTime\":\"1971.545\"}","timestamp":"2025-02-16T07:23:44.831Z"}
{"level":"\u001b[32minfo\u001b[39m","message":"{\"method\":\"GET\",\"url\":\"/api/location?query=newyork&pickUpDate=2025-02-17&dropOffDate=2025-02-17&pickUpTime=10:00%20AM&dropOffTime=10:00%20PM\",\"status\":\"200\",\"responseTime\":\"2745.535\"}","timestamp":"2025-02-16T07:24:09.550Z"}
{"level":"\u001b[32minfo\u001b[39m","message":"{\"method\":\"GET\",\"url\":\"/api/location?query=newyork&pickUpDate=2025-02-17&dropOffDate=2025-02-17&pickUpTime=10:00%20&dropOffTime=10:00\",\"status\":\"200\",\"responseTime\":\"1875.310\"}","timestamp":"2025-02-16T07:24:36.544Z"}
{"level":"\u001b[32minfo\u001b[39m","message":"{\"method\":\"GET\",\"url\":\"/api/location?query=newyork&pickUpDate=2025-02-17&dropOffDate=2025-02-17&pickUpTime=10:00%20&dropOffTime=10:00\",\"status\":\"200\",\"responseTime\":\"1896.983\"}","timestamp":"2025-02-16T14:24:47.462Z"}
{"level":"\u001b[32minfo\u001b[39m","message":"{\"method\":\"GET\",\"url\":\"/api/location?query=delhi&pickUpDate=2025-02-17&dropOffDate=2025-02-17&pickUpTime=10:00%20&dropOffTime=10:00\",\"status\":\"200\",\"responseTime\":\"2833.429\"}","timestamp":"2025-02-16T14:27:18.352Z"}
{"level":"\u001b[32minfo\u001b[39m","message":"{\"method\":\"GET\",\"url\":\"/api/location?query=paris&pickUpDate=2025-02-17&dropOffDate=2025-02-17&pickUpTime=10:00%20&dropOffTime=10:00\",\"status\":\"200\",\"responseTime\":\"1976.075\"}","timestamp":"2025-02-16T14:31:51.006Z"}
{"level":"\u001b[32minfo\u001b[39m","message":"{\"method\":\"GET\",\"url\":\"/api/location?query=paris&pickUpDate=2025-02-17&dropOffDate=2025-02-17&pickUpTime=10:00%20&dropOffTime=18:00\",\"status\":\"200\",\"responseTime\":\"9804.999\"}","timestamp":"2025-02-16T14:33:53.902Z"}
{"level":"\u001b[32minfo\u001b[39m","message":"{\"method\":\"OPTIONS\",\"url\":\"/api/sign-up\",\"status\":\"200\",\"responseTime\":\"3.520\"}","timestamp":"2025-02-17T15:07:17.492Z"}
{"level":"\u001b[32minfo\u001b[39m","message":"{\"method\":\"OPTIONS\",\"url\":\"/api/sign-up\",\"status\":\"200\",\"responseTime\":\"3.174\"}","timestamp":"2025-02-17T15:09:45.771Z"}
{"level":"\u001b[32minfo\u001b[39m","message":"{\"method\":\"OPTIONS\",\"url\":\"/api/sign-up\",\"status\":\"200\",\"responseTime\":\"17.429\"}","timestamp":"2025-02-17T16:51:28.127Z"}
{"level":"\u001b[32minfo\u001b[39m","message":"{\"method\":\"OPTIONS\",\"url\":\"/api/sign-up\",\"status\":\"200\",\"responseTime\":\"1.281\"}","timestamp":"2025-02-17T16:52:54.525Z"}
{"level":"\u001b[32minfo\u001b[39m","message":"{\"method\":\"OPTIONS\",\"url\":\"/api/sign-up\",\"status\":\"204\",\"responseTime\":\"3.176\"}","timestamp":"2025-02-17T16:55:21.296Z"}
{"level":"\u001b[32minfo\u001b[39m","message":"{\"method\":\"POST\",\"url\":\"/api/sign-up\",\"status\":\"201\",\"responseTime\":\"191.131\"}","timestamp":"2025-02-17T16:55:21.531Z"}
{"level":"\u001b[32minfo\u001b[39m","message":"{\"method\":\"OPTIONS\",\"url\":\"/api/sign-up\",\"status\":\"204\",\"responseTime\":\"0.410\"}","timestamp":"2025-02-17T16:55:30.010Z"}
{"level":"\u001b[32minfo\u001b[39m","message":"{\"method\":\"POST\",\"url\":\"/api/sign-up\",\"status\":\"400\",\"responseTime\":\"37.436\"}","timestamp":"2025-02-17T16:55:30.052Z"}
{"level":"\u001b[32minfo\u001b[39m","message":"{\"method\":\"OPTIONS\",\"url\":\"/api/login\",\"status\":\"204\",\"responseTime\":\"0.373\"}","timestamp":"2025-02-17T16:55:55.934Z"}
{"level":"\u001b[32minfo\u001b[39m","message":"{\"method\":\"POST\",\"url\":\"/api/login\",\"status\":\"404\",\"responseTime\":\"2.037\"}","timestamp":"2025-02-17T16:55:55.940Z"}
{"level":"\u001b[32minfo\u001b[39m","message":"{\"method\":\"OPTIONS\",\"url\":\"/api/sign-up\",\"status\":\"204\",\"responseTime\":\"0.235\"}","timestamp":"2025-02-17T16:56:39.967Z"}
{"level":"\u001b[32minfo\u001b[39m","message":"{\"method\":\"POST\",\"url\":\"/api/sign-up\",\"status\":\"201\",\"responseTime\":\"185.124\"}","timestamp":"2025-02-17T16:56:40.156Z"}
{"level":"\u001b[32minfo\u001b[39m","message":"{\"method\":\"OPTIONS\",\"url\":\"/api/sign-up\",\"status\":\"204\",\"responseTime\":\"0.612\"}","timestamp":"2025-02-17T17:01:32.054Z"}
{"level":"\u001b[32minfo\u001b[39m","message":"{\"method\":\"POST\",\"url\":\"/api/sign-up\",\"status\":\"201\",\"responseTime\":\"290.707\"}","timestamp":"2025-02-17T17:01:32.351Z"}
{"level":"\u001b[32minfo\u001b[39m","message":"{\"method\":\"OPTIONS\",\"url\":\"/api/login\",\"status\":\"204\",\"responseTime\":\"0.552\"}","timestamp":"2025-02-17T17:01:53.827Z"}
{"level":"\u001b[32minfo\u001b[39m","message":"{\"method\":\"POST\",\"url\":\"/api/login\",\"status\":\"404\",\"responseTime\":\"1.102\"}","timestamp":"2025-02-17T17:01:53.833Z"}
{"level":"\u001b[32minfo\u001b[39m","message":"{\"method\":\"OPTIONS\",\"url\":\"/api/log-in\",\"status\":\"204\",\"responseTime\":\"0.353\"}","timestamp":"2025-02-17T17:04:53.854Z"}
{"level":"\u001b[32minfo\u001b[39m","message":"{\"method\":\"POST\",\"url\":\"/api/log-in\",\"status\":\"200\",\"responseTime\":\"162.646\"}","timestamp":"2025-02-17T17:04:54.019Z"}
{"level":"\u001b[32minfo\u001b[39m","message":"{\"method\":\"OPTIONS\",\"url\":\"/api/log-in\",\"status\":\"204\",\"responseTime\":\"2.765\"}","timestamp":"2025-02-18T06:38:14.856Z"}
{"level":"\u001b[32minfo\u001b[39m","message":"{\"method\":\"POST\",\"url\":\"/api/log-in\",\"status\":\"200\",\"responseTime\":\"1603.042\"}","timestamp":"2025-02-18T06:38:16.495Z"}
{"level":"\u001b[32minfo\u001b[39m","message":"{\"method\":\"GET\",\"url\":\"/api/location?query=paris&pickUpDate=2025-02-19&dropOffDate=2025-02-19&pickUpTime=10:31&dropOffTime=16:32\",\"status\":\"200\",\"responseTime\":\"4880.426\"}","timestamp":"2025-02-18T10:02:16.702Z"}
{"level":"\u001b[32minfo\u001b[39m","message":"{\"method\":\"GET\",\"url\":\"/api/location?query=&pickUpDate=&dropOffDate=&pickUpTime=&dropOffTime=\",\"status\":\"400\",\"responseTime\":\"5.856\"}","timestamp":"2025-02-19T06:22:53.189Z"}
{"level":"\u001b[32minfo\u001b[39m","message":"{\"method\":\"GET\",\"url\":\"/api/location?query=paris&pickUpDate=2025-02-21&dropOffDate=2025-02-21&pickUpTime=10:50&dropOffTime=20:53\",\"status\":\"200\",\"responseTime\":\"7784.330\"}","timestamp":"2025-02-20T08:21:07.354Z"}
{"level":"\u001b[32minfo\u001b[39m","message":"{\"method\":\"GET\",\"url\":\"/api/location?query=paris&pickUpDate=2025-02-17&dropOffDate=2025-02-17&pickUpTime=10:00%20&dropOffTime=18:00\",\"status\":\"200\",\"responseTime\":\"1889.756\"}","timestamp":"2025-02-22T06:06:53.267Z"}
{"level":"\u001b[32minfo\u001b[39m","message":"{\"method\":\"GET\",\"url\":\"/api/location?query=paris&pickUpDate=2025-02-17&dropOffDate=2025-02-17&pickUpTime=10:00%20&dropOffTime=18:00\",\"status\":\"200\",\"responseTime\":\"1732.609\"}","timestamp":"2025-02-22T06:07:01.844Z"}
{"level":"\u001b[32minfo\u001b[39m","message":"{\"method\":\"GET\",\"url\":\"/api/location?query=paris&pickUpDate=2025-02-17&dropOffDate=2025-02-17&pickUpTime=10:00%20&dropOffTime=18:00\",\"status\":\"200\",\"responseTime\":\"1653.815\"}","timestamp":"2025-02-22T06:07:05.064Z"}
{"level":"\u001b[32minfo\u001b[39m","message":"{\"method\":\"GET\",\"url\":\"/api/location?query=paris&pickUpDate=2025-02-17&dropOffDate=2025-02-17&pickUpTime=10:00%20&dropOffTime=18:00\",\"status\":\"200\",\"responseTime\":\"1559.058\"}","timestamp":"2025-02-22T06:07:08.349Z"}
{"level":"\u001b[32minfo\u001b[39m","message":"{\"method\":\"GET\",\"url\":\"/api/location?query=paris&pickUpDate=2025-02-17&dropOffDate=2025-02-17&pickUpTime=10:00%20&dropOffTime=18:00\",\"status\":\"200\",\"responseTime\":\"1529.967\"}","timestamp":"2025-02-22T06:07:11.036Z"}
{"level":"\u001b[32minfo\u001b[39m","message":"{\"method\":\"GET\",\"url\":\"/api/location?query=paris&pickUpDate=2025-02-17&dropOffDate=2025-02-17&pickUpTime=10:00%20&dropOffTime=18:00\",\"status\":\"-\",\"responseTime\":\"-\"}","timestamp":"2025-02-22T06:07:14.057Z"}
{"level":"\u001b[32minfo\u001b[39m","message":"{\"method\":\"GET\",\"url\":\"/api/location?query=paris&pickUpDate=2025-02-17&dropOffDate=2025-02-17&pickUpTime=10:00%20&dropOffTime=18:00\",\"status\":\"200\",\"responseTime\":\"1625.938\"}","timestamp":"2025-02-22T06:07:17.020Z"}
{"level":"\u001b[32minfo\u001b[39m","message":"{\"method\":\"GET\",\"url\":\"/api/location?query=paris&pickUpDate=2025-02-17&dropOffDate=2025-02-17&pickUpTime=10:00%20&dropOffTime=18:00\",\"status\":\"200\",\"responseTime\":\"1685.391\"}","timestamp":"2025-02-22T06:07:19.931Z"}
{"level":"\u001b[32minfo\u001b[39m","message":"{\"method\":\"GET\",\"url\":\"/api/location?query=paris&pickUpDate=2025-02-17&dropOffDate=2025-02-17&pickUpTime=10:00%20&dropOffTime=18:00\",\"status\":\"200\",\"responseTime\":\"2123.757\"}","timestamp":"2025-02-22T06:07:23.381Z"}
{"level":"\u001b[32minfo\u001b[39m","message":"{\"method\":\"GET\",\"url\":\"/api/location?query=paris&pickUpDate=2025-02-17&dropOffDate=2025-02-17&pickUpTime=10:00%20&dropOffTime=18:00\",\"status\":\"200\",\"responseTime\":\"1605.428\"}","timestamp":"2025-02-22T06:07:26.238Z"}
{"level":"\u001b[32minfo\u001b[39m","message":"{\"method\":\"GET\",\"url\":\"/api/location?query=paris&pickUpDate=2025-02-23&dropOffDate=2025-02-24&pickUpTime=08:59&dropOffTime=17:59\",\"status\":\"200\",\"responseTime\":\"15346.552\"}","timestamp":"2025-02-22T09:29:29.058Z"}
{"level":"\u001b[32minfo\u001b[39m","message":"{\"method\":\"GET\",\"url\":\"/api/location?query=paris&pickUpDate=2025-02-23&dropOffDate=2025-02-24&pickUpTime=10:00&dropOffTime=22:00\",\"status\":\"200\",\"responseTime\":\"7968.910\"}","timestamp":"2025-02-22T09:35:57.892Z"}
{"level":"\u001b[32minfo\u001b[39m","message":"{\"method\":\"GET\",\"url\":\"/api/location?query=paris&pickUpDate=2025-02-23&dropOffDate=2025-02-24&pickUpTime=10:00&dropOffTime=22:00\",\"status\":\"304\",\"responseTime\":\"68.484\"}","timestamp":"2025-02-22T09:36:41.844Z"}
{"level":"\u001b[32minfo\u001b[39m","message":"{\"method\":\"GET\",\"url\":\"/api/location?query=paris+&pickUpDate=2025-02-25&dropOffDate=2025-02-26&pickUpTime=08:00&dropOffTime=22:00\",\"status\":\"200\",\"responseTime\":\"7089.367\"}","timestamp":"2025-02-24T09:28:43.276Z"}
{"level":"\u001b[32minfo\u001b[39m","message":"{\"method\":\"GET\",\"url\":\"/api/location?query=paris&pickUpDate=2025-03-12&dropOffDate=2025-03-12&pickUpTime=02:53&dropOffTime=23:53\",\"status\":\"200\",\"responseTime\":\"2383.213\"}","timestamp":"2025-03-11T06:23:19.321Z"}
{"level":"\u001b[32minfo\u001b[39m","message":"{\"method\":\"GET\",\"url\":\"/api/location?query=paris&pickUpDate=2025-03-12&dropOffDate=2025-03-12&pickUpTime=09:59&dropOffTime=20:53\",\"status\":\"200\",\"responseTime\":\"8278.204\"}","timestamp":"2025-03-11T06:23:49.135Z"}
{"level":"\u001b[32minfo\u001b[39m","message":"{\"method\":\"OPTIONS\",\"url\":\"/api/sign-up\",\"status\":\"204\",\"responseTime\":\"2.106\"}","timestamp":"2025-03-12T20:51:40.848Z"}
{"level":"\u001b[32minfo\u001b[39m","message":"{\"method\":\"POST\",\"url\":\"/api/sign-up\",\"status\":\"201\",\"responseTime\":\"166.981\"}","timestamp":"2025-03-12T20:51:41.051Z"}
{"level":"\u001b[32minfo\u001b[39m","message":"{\"method\":\"OPTIONS\",\"url\":\"/api/log-in\",\"status\":\"204\",\"responseTime\":\"0.650\"}","timestamp":"2025-03-12T20:52:04.501Z"}
{"level":"\u001b[32minfo\u001b[39m","message":"{\"method\":\"POST\",\"url\":\"/api/log-in\",\"status\":\"200\",\"responseTime\":\"121.231\"}","timestamp":"2025-03-12T20:52:04.629Z"}
{"level":"\u001b[32minfo\u001b[39m","message":"{\"method\":\"GET\",\"url\":\"/api/location?query=chennai&pickUpDate=2025-03-14&dropOffDate=2025-03-15&pickUpTime=09:00&dropOffTime=21:25\",\"status\":\"200\",\"responseTime\":\"3573.812\"}","timestamp":"2025-03-12T20:54:49.844Z"}
{"level":"\u001b[32minfo\u001b[39m","message":"{\"method\":\"GET\",\"url\":\"/api/location?query=paris&pickUpDate=2025-03-14&dropOffDate=2025-03-15&pickUpTime=09:00&dropOffTime=21:25\",\"status\":\"200\",\"responseTime\":\"6483.685\"}","timestamp":"2025-03-12T20:55:03.051Z"}
